<?xml version="1.0" encoding="UTF-8"?>
<!-- Generated by org.testng.reporters.JUnitXMLReporter -->
<testsuite hostname="pcch-divyag" ignored="0" name="Single Gateway" tests="7" failures="3" timestamp="27 Mar 2019 12:03:33 GMT" time="543.948" errors="0">
  <testcase name="Tc01AddMultipleGatewayWithNewEnrollmentGroupWithRootUploadCertificate" time="45.1" classname="zf.test.ZFAddMultipleGatewayTest">
    <failure type="java.lang.AssertionError" message="Expected value is : Failed      Actual value is : SUCCESS">
      <![CDATA[java.lang.AssertionError: Expected value is : Failed      Actual value is : SUCCESS
at framework.ExtentReport.compareText(ExtentReport.java:156)
at zf.pages.ZFAddMultipleGatewayPage.verifyToastermessage(ZFAddMultipleGatewayPage.java:265)
at zf.pages.ZFAddMultipleGatewayPage.addMultipleGatewayNewRoot(ZFAddMultipleGatewayPage.java:97)
at zf.test.ZFAddMultipleGatewayTest.Tc01AddMultipleGatewayWithNewEnrollmentGroupWithRootUploadCertificate(ZFAddMultipleGatewayTest.java:25)
... Removed 26 stack frames]]>
    </failure>
  </testcase> <!-- Tc01AddMultipleGatewayWithNewEnrollmentGroupWithRootUploadCertificate -->
  <testcase name="Tc02AddMultipleGatewayWithExistingEnrollmentGroup" time="30.361" classname="zf.test.ZFAddMultipleGatewayTest"/>
  <testcase name="Tc03AddMultipleGatewayWithNewEnrollmentGroupWithIntermediateUploadCertificate" time="2.616" classname="zf.test.ZFAddMultipleGatewayTest">
    <failure type="java.lang.AssertionError" message="TIMEOUT EXCEPTION element does not exist after waiting 90 seconds - Gateway">
      <![CDATA[java.lang.AssertionError: TIMEOUT EXCEPTION element does not exist after waiting 90 seconds - Gateway
at framework.ExtentReport.elementCatch(ExtentReport.java:258)
at framework.ElementManager.elementClick(ElementManager.java:63)
at framework.ElementManager.waitElementVisibleClick(ElementManager.java:701)
at zf.pages.ZFGatewayHomePage.clickAddGateway(ZFGatewayHomePage.java:166)
at zf.pages.ZFAddMultipleGatewayPage.addMultipleGatewayNewIntermediate(ZFAddMultipleGatewayPage.java:126)
at zf.test.ZFAddMultipleGatewayTest.Tc03AddMultipleGatewayWithNewEnrollmentGroupWithIntermediateUploadCertificate(ZFAddMultipleGatewayTest.java:34)
... Removed 26 stack frames]]>
    </failure>
  </testcase> <!-- Tc03AddMultipleGatewayWithNewEnrollmentGroupWithIntermediateUploadCertificate -->
  <testcase name="Tc04AddMultipleGatewayWithNewEnrollmentGroupWithoutMandatoryFields" time="71.59" classname="zf.test.ZFAddMultipleGatewayTest"/>
  <testcase name="Tc05AddMultipleGatewayWithInvalidDetails" time="8.903" classname="zf.test.ZFAddMultipleGatewayTest">
    <failure type="java.lang.AssertionError" message="TIMEOUT EXCEPTION element does not exist after waiting 90 seconds - Gateway">
      <![CDATA[java.lang.AssertionError: TIMEOUT EXCEPTION element does not exist after waiting 90 seconds - Gateway
at framework.ExtentReport.elementCatch(ExtentReport.java:258)
at framework.ElementManager.elementClick(ElementManager.java:63)
at framework.ElementManager.waitElementVisibleClick(ElementManager.java:701)
at zf.pages.ZFGatewayHomePage.clickAddGateway(ZFGatewayHomePage.java:166)
at zf.pages.ZFAddMultipleGatewayPage.addMultipleGatewayWithInvalid(ZFAddMultipleGatewayPage.java:106)
at zf.test.ZFAddMultipleGatewayTest.Tc05AddMultipleGatewayWithInvalidDetails(ZFAddMultipleGatewayTest.java:45)
... Removed 26 stack frames]]>
    </failure>
  </testcase> <!-- Tc05AddMultipleGatewayWithInvalidDetails -->
  <testcase name="Tc06AddMultipleGatewayWithLookAndFeelValidation" time="37.558" classname="zf.test.ZFAddMultipleGatewayTest"/>
  <testcase name="Tc06AddMultipleGatewayWithUserInterfaceValidation" time="37.552" classname="zf.test.ZFAddMultipleGatewayTest"/>
</testsuite> <!-- Single Gateway -->
