<?xml version="1.0" encoding="UTF-8"?>
<!-- Generated by org.testng.reporters.JUnitXMLReporter -->
<testsuite hostname="pcch-divyag" ignored="0" name="Single Gateway" tests="4" failures="2" timestamp="26 Mar 2019 06:39:38 GMT" time="561.989" errors="0">
  <testcase name="Tc02EditSingleGateway" time="209.146" classname="zf.test.ZFGatewayHomeTest">
    <failure type="java.lang.AssertionError" message="TIMEOUT EXCEPTION element does not exist after waiting 90 seconds - sendkeys is not working">
      <![CDATA[java.lang.AssertionError: TIMEOUT EXCEPTION element does not exist after waiting 90 seconds - sendkeys is not working
at framework.ExtentReport.elementCatch(ExtentReport.java:254)
at framework.ElementManager.elementSendKeys(ElementManager.java:122)
at zf.pages.ZFGatewayHomePage.editSingleGateway(ZFGatewayHomePage.java:646)
at zf.test.ZFGatewayHomeTest.Tc02EditSingleGateway(ZFGatewayHomeTest.java:152)
... Removed 26 stack frames]]>
    </failure>
  </testcase> <!-- Tc02EditSingleGateway -->
  <testcase name="Tc03DropdownGateway" time="139.423" classname="zf.test.ZFGatewayHomeTest"/>
  <testcase name="Tc04GatewaySortCatagory" time="72.801" classname="zf.test.ZFGatewayHomeTest"/>
  <testcase name="Tc05VerifyGatewayColumn" time="82.296" classname="zf.test.ZFGatewayHomeTest">
    <failure type="java.lang.AssertionError" message="TIMEOUT EXCEPTION element does not exist after waiting 90 seconds - Pre-Commissioned, Commissioned">
      <![CDATA[java.lang.AssertionError: TIMEOUT EXCEPTION element does not exist after waiting 90 seconds - Pre-Commissioned, Commissioned
at framework.ExtentReport.elementCatch(ExtentReport.java:258)
at framework.ElementManager.elementAvailability(ElementManager.java:521)
at zf.pages.ZFGatewayHomePage.verifyGatewayColumn(ZFGatewayHomePage.java:752)
at zf.test.ZFGatewayHomeTest.Tc05VerifyGatewayColumn(ZFGatewayHomeTest.java:173)
... Removed 26 stack frames]]>
    </failure>
  </testcase> <!-- Tc05VerifyGatewayColumn -->
</testsuite> <!-- Single Gateway -->
